<?xml version="1.0" encoding="UTF-8"?>
<!-- Generated by org.testng.reporters.JUnitXMLReporter -->
<testsuite ignored="0" hostname="WKWIN1946101" failures="0" tests="3" name="Default test" time="18.869" errors="0" timestamp="12 Dec 2018 07:32:06 GMT">
  <testcase classname="galen.galen.Login" name="welcomePage_shouldLookGood" time="2.407"/>
  <testcase classname="galen.galen.Login" name="welcomePage_shouldLookGood" time="1.777"/>
  <testcase classname="galen.galen.Login" name="welcomePage_shouldLookGood" time="1.872"/>
</testsuite> <!-- Default test -->
